MobileSafes/proguard/seeds.txt
com.it.mobilesafe.R$anim: int cycle_7
com.it.mobilesafe.R$anim: int input_method_enter
com.it.mobilesafe.R$anim: int input_method_exit
com.it.mobilesafe.R$anim: int next_enter
com.it.mobilesafe.R$anim: int next_exit
com.it.mobilesafe.R$anim: int popup_method_enter
com.it.mobilesafe.R$anim: int popup_method_exit
com.it.mobilesafe.R$anim: int pre_enter
com.it.mobilesafe.R$anim: int pre_exit
com.it.mobilesafe.R$anim: int shake
com.it.mobilesafe.R$attr: int arcProgressStyle
com.it.mobilesafe.R$attr: int arc_angle
com.it.mobilesafe.R$attr: int arc_bottom_text
com.it.mobilesafe.R$attr: int arc_bottom_text_size
com.it.mobilesafe.R$attr: int arc_finished_color
com.it.mobilesafe.R$attr: int arc_max
com.it.mobilesafe.R$attr: int arc_progress
com.it.mobilesafe.R$attr: int arc_stroke_width
com.it.mobilesafe.R$attr: int arc_suffix_text
com.it.mobilesafe.R$attr: int arc_suffix_text_padding
com.it.mobilesafe.R$attr: int arc_suffix_text_size
com.it.mobilesafe.R$attr: int arc_text_color
com.it.mobilesafe.R$attr: int arc_text_size
com.it.mobilesafe.R$attr: int arc_unfinished_color
com.it.mobilesafe.R$attr: int circleProgressStyle
com.it.mobilesafe.R$attr: int circle_finished_color
com.it.mobilesafe.R$attr: int circle_max
com.it.mobilesafe.R$attr: int circle_prefix_text
com.it.mobilesafe.R$attr: int circle_progress
com.it.mobilesafe.R$attr: int circle_suffix_text
com.it.mobilesafe.R$attr: int circle_text_color
com.it.mobilesafe.R$attr: int circle_text_size
com.it.mobilesafe.R$attr: int circle_unfinished_color
com.it.mobilesafe.R$attr: int donutProgressStyle
com.it.mobilesafe.R$attr: int donut_background_color
com.it.mobilesafe.R$attr: int donut_circle_starting_degree
com.it.mobilesafe.R$attr: int donut_finished_color
com.it.mobilesafe.R$attr: int donut_finished_stroke_width
com.it.mobilesafe.R$attr: int donut_inner_bottom_text
com.it.mobilesafe.R$color: int function_greenbutton_textcolor_selector
com.it.mobilesafe.R$color: int global_blue
com.it.mobilesafe.R$color: int lock_selected
com.it.mobilesafe.R$color: int segement_textcolor_selector
com.it.mobilesafe.R$color: int textColorPrimary
com.it.mobilesafe.R$color: int textColorPrimaryDark
com.it.mobilesafe.R$dimen: int activity_horizontal_margin
com.it.mobilesafe.R$dimen: int activity_vertical_margin
com.it.mobilesafe.R$drawable: int address_toast_bg
com.it.mobilesafe.R$drawable: int address_toast_bg_blue
com.it.mobilesafe.R$drawable: int address_toast_bg_gray
com.it.mobilesafe.R$drawable: int address_toast_bg_green
com.it.mobilesafe.R$drawable: int address_toast_bg_orange
com.it.mobilesafe.R$drawable: int admin_activated
com.it.mobilesafe.R$drawable: int admin_inactivated
com.it.mobilesafe.R$drawable: int antispam_report_button
com.it.mobilesafe.R$drawable: int antispam_report_button_press
com.it.mobilesafe.R$drawable: int blue_bkg
com.it.mobilesafe.R$drawable: int btn_cancel_selector
com.it.mobilesafe.R$drawable: int btn_lock_selector
com.it.mobilesafe.R$drawable: int btn_ok_selector
com.it.mobilesafe.R$drawable: int btn_unlock_selector
com.it.mobilesafe.R$drawable: int callsms_btn_selector
com.it.mobilesafe.R$drawable: int callsms_img_delete_selector
com.it.mobilesafe.R$drawable: int clean_normal
com.it.mobilesafe.R$drawable: int clean_pressed
com.it.mobilesafe.R$drawable: int clean_process_selector
com.it.mobilesafe.R$drawable: int cygj
com.it.mobilesafe.R$drawable: int dg_btn_confirm_normal
com.it.mobilesafe.R$drawable: int dg_btn_confirm_select
com.it.mobilesafe.R$drawable: int dg_button_cancel_normal
com.it.mobilesafe.R$drawable: int dg_button_cancel_select
com.it.mobilesafe.R$drawable: int dialog_title_background
com.it.mobilesafe.R$drawable: int dialog_title_default_icon
com.it.mobilesafe.R$drawable: int drawer_arrow_down
...
android.support.v4.app.FragmentTabHost: void setOnTabChangedListener(android.widget.TabHost$OnTabChangeListener)
android.support.v4.app.FragmentTabHost$SavedState
android.support.v4.app.FragmentTabHost$SavedState: android.os.Parcelable$Creator CREATOR
android.support.v4.content.ModernAsyncTask$Status: android.support.v4.content.ModernAsyncTask$Status[] values()
android.support.v4.content.ModernAsyncTask$Status: android.support.v4.content.ModernAsyncTask$Status valueOf(java.lang.String)
android.support.v4.view.PagerTabStrip: void setTabIndicatorColor(int)
android.support.v4.view.PagerTabStrip: void setTabIndicatorColorResource(int)
android.support.v4.view.PagerTabStrip: int getTabIndicatorColor()
android.support.v4.view.PagerTabStrip: void setTextSpacing(int)
android.support.v4.view.PagerTabStrip: void setBackgroundDrawable(android.graphics.drawable.Drawable)
android.support.v4.view.PagerTabStrip: void setBackgroundColor(int)
android.support.v4.view.PagerTabStrip: void setBackgroundResource(int)
android.support.v4.view.PagerTabStrip: void setDrawFullUnderline(boolean)
android.support.v4.view.PagerTabStrip: boolean getDrawFullUnderline()
android.support.v4.view.PagerTabStrip: int getMinHeight()
android.support.v4.view.PagerTitleStrip: void setSingleLineAllCaps(android.widget.TextView)
android.support.v4.view.PagerTitleStrip: void setTextSpacing(int)
android.support.v4.view.PagerTitleStrip: int getTextSpacing()
android.support.v4.view.PagerTitleStrip: void setNonPrimaryAlpha(float)
android.support.v4.view.PagerTitleStrip: void setTextColor(int)
android.support.v4.view.PagerTitleStrip: void setGravity(int)
android.support.v4.view.PagerTitleStrip: int getMinHeight()
android.support.v4.view.ViewPager: void setScrollState(int)
android.support.v4.view.ViewPager: void setAdapter(android.support.v4.view.PagerAdapter)
android.support.v4.view.ViewPager: android.support.v4.view.PagerAdapter getAdapter()
android.support.v4.view.ViewPager: void setOnAdapterChangeListener(android.support.v4.view.ViewPager$OnAdapterChangeListener)
android.support.v4.view.ViewPager: void setCurrentItem(int)
android.support.v4.view.ViewPager: int getCurrentItem()
android.support.v4.view.ViewPager: void setOnPageChangeListener(android.support.v4.view.ViewPager$OnPageChangeListener)
android.support.v4.view.ViewPager: void setChildrenDrawingOrderEnabledCompat(boolean)
android.support.v4.view.ViewPager: int getOffscreenPageLimit()
android.support.v4.view.ViewPager: void setOffscreenPageLimit(int)
android.support.v4.view.ViewPager: void setPageMargin(int)
android.support.v4.view.ViewPager: int getPageMargin()
android.support.v4.view.ViewPager: void setPageMarginDrawable(android.graphics.drawable.Drawable)
android.support.v4.view.ViewPager: void setPageMarginDrawable(int)
android.support.v4.view.ViewPager: void setScrollingCacheEnabled(boolean)
android.support.v4.view.ViewPager$SavedState
android.support.v4.view.ViewPager$SavedState: android.os.Parcelable$Creator CREATOR