MobileSafes/proguard/mapping.txt
com.it.mobilesafe.R -> com.it.mobilesafe.a:
com.it.mobilesafe.R$styleable -> com.it.mobilesafe.b:
    int[] ArcProgress -> ArcProgress
    int ArcProgress_arc_angle -> ArcProgress_arc_angle
    int ArcProgress_arc_bottom_text -> ArcProgress_arc_bottom_text
    int ArcProgress_arc_bottom_text_size -> ArcProgress_arc_bottom_text_size
    int ArcProgress_arc_finished_color -> ArcProgress_arc_finished_color
    int ArcProgress_arc_max -> ArcProgress_arc_max
    int ArcProgress_arc_progress -> ArcProgress_arc_progress
    int ArcProgress_arc_stroke_width -> ArcProgress_arc_stroke_width
    int ArcProgress_arc_suffix_text -> ArcProgress_arc_suffix_text
    int ArcProgress_arc_suffix_text_padding -> ArcProgress_arc_suffix_text_padding
    int ArcProgress_arc_suffix_text_size -> ArcProgress_arc_suffix_text_size
    int ArcProgress_arc_text_color -> ArcProgress_arc_text_color
    int ArcProgress_arc_text_size -> ArcProgress_arc_text_size
    int ArcProgress_arc_unfinished_color -> ArcProgress_arc_unfinished_color
    int[] CircleProgress -> CircleProgress
    int CircleProgress_circle_finished_color -> CircleProgress_circle_finished_color
    int CircleProgress_circle_max -> CircleProgress_circle_max
    int CircleProgress_circle_prefix_text -> CircleProgress_circle_prefix_text
    int CircleProgress_circle_progress -> CircleProgress_circle_progress
    int CircleProgress_circle_suffix_text -> CircleProgress_circle_suffix_text
    int CircleProgress_circle_text_color -> CircleProgress_circle_text_color
com.it.mobilesafe.activity.AntiVirusActivity -> com.it.mobilesafe.activity.AntiVirusActivity:
    android.content.pm.PackageManager mPm -> a
    java.util.List mDatas -> b
    android.widget.TextView mtvPackageName -> c
    com.github.lzyzsd.circleprogress.ArcProgress mArcProgress -> d
    android.widget.ListView mListView -> e
    com.it.mobilesafe.activity.AntiVirusActivity$VirusAdapter mAdapter -> f
    android.widget.LinearLayout mLlResultContainer -> g
    android.widget.RelativeLayout mRlProgressContainer -> h
    android.widget.LinearLayout mLlAnimatorContainer -> i
    android.widget.TextView mResult -> j
    android.widget.Button mBtnScan -> k
    android.widget.ImageView mIvLeft -> l
    android.widget.ImageView mIvRight -> m
    com.it.mobilesafe.activity.AntiVirusActivity$ScanTask mTask -> n
    void onCreate(android.os.Bundle) -> onCreate
    void onPause() -> onPause
    void startScan() -> a
    void showOpenAnimor() -> b
    android.graphics.Bitmap getRight(android.graphics.Bitmap) -> a
    android.graphics.Bitmap getLeft(android.graphics.Bitmap) -> b
    void onClick(android.view.View) -> onClick
    android.widget.LinearLayout access$0(com.it.mobilesafe.activity.AntiVirusActivity) -> a
    android.widget.RelativeLayout access$1(com.it.mobilesafe.activity.AntiVirusActivity) -> b
    android.widget.LinearLayout access$2(com.it.mobilesafe.activity.AntiVirusActivity) -> c
com.it.mobilesafe.activity.AntiVirusActivity$1 -> com.it.mobilesafe.activity.a:
    com.it.mobilesafe.activity.AntiVirusActivity this$0 -> a
    void onAnimationStart(com.nineoldandroids.animation.Animator) -> a
    void onAnimationRepeat(com.nineoldandroids.animation.Animator) -> b
    void onAnimationEnd(com.nineoldandroids.animation.Animator) -> c
com.it.mobilesafe.activity.AntiVirusActivity$2 -> com.it.mobilesafe.activity.b:
    com.it.mobilesafe.activity.AntiVirusActivity this$0 -> a
    void onAnimationStart(com.nineoldandroids.animation.Animator) -> a
    void onAnimationRepeat(com.nineoldandroids.animation.Animator) -> b
    void onAnimationEnd(com.nineoldandroids.animation.Animator) -> c
...
com.lidroid.xutils.http.client.util.URIBuilder -> com.a.a.c.b.c.a:
    java.lang.String scheme -> a
    java.lang.String encodedSchemeSpecificPart -> b
    java.lang.String encodedAuthority -> c
    java.lang.String userInfo -> d
    java.lang.String encodedUserInfo -> e
    java.lang.String host -> f
    int port -> g
    java.lang.String path -> h
    java.lang.String encodedPath -> i
    java.lang.String encodedQuery -> j
    java.util.List queryParams -> k
    java.lang.String fragment -> l
    java.lang.String encodedFragment -> m
    void digestURI(java.net.URI) -> a
    java.util.List parseQuery(java.lang.String) -> a
    java.net.URI build(java.nio.charset.Charset) -> a
    java.lang.String buildString(java.nio.charset.Charset) -> b
    java.lang.String encodeUserInfo(java.lang.String,java.nio.charset.Charset) -> a
    java.lang.String encodePath(java.lang.String,java.nio.charset.Charset) -> b
    java.lang.String encodeQuery(java.util.List,java.nio.charset.Charset) -> a
    java.lang.String encodeFragment(java.lang.String,java.nio.charset.Charset) -> c
    com.lidroid.xutils.http.client.util.URIBuilder addParameter(java.lang.String,java.lang.String) -> a
    java.lang.String normalizePath(java.lang.String) -> b
com.lidroid.xutils.http.client.util.URLEncodedUtils -> com.a.a.c.b.c.b:
    char[] DELIM -> a
    java.util.BitSet UNRESERVED -> b
    java.util.BitSet PUNCT -> c
    java.util.BitSet USERINFO -> d
    java.util.BitSet PATHSAFE -> e
    java.util.BitSet FRAGMENT -> f
    java.util.BitSet RESERVED -> g
    java.util.BitSet URLENCODER -> h
    java.util.List parse(java.lang.String) -> a
    java.lang.String format(java.util.List,java.lang.String) -> a
    java.lang.String format(java.lang.Iterable,java.nio.charset.Charset) -> a
    java.lang.String urlencode(java.lang.String,java.nio.charset.Charset,java.util.BitSet,boolean) -> a
    java.lang.String encodeFormFields(java.lang.String,java.lang.String) -> a
    java.lang.String encodeFormFields(java.lang.String,java.nio.charset.Charset) -> d
    java.lang.String encUserInfo(java.lang.String,java.nio.charset.Charset) -> a
    java.lang.String encFragment(java.lang.String,java.nio.charset.Charset) -> b
    java.lang.String encPath(java.lang.String,java.nio.charset.Charset) -> c
com.lidroid.xutils.task.Node -> com.a.a.d.a:
    boolean valueAsT -> b
    com.lidroid.xutils.task.PriorityObject value -> c
    com.lidroid.xutils.task.Node next -> a
    com.lidroid.xutils.task.Priority getPriority() -> a
    java.lang.Object getValue() -> b
    void setValue(java.lang.Object) -> a
com.lidroid.xutils.task.Priority -> com.a.a.d.b:
    com.lidroid.xutils.task.Priority UI_TOP -> a
    com.lidroid.xutils.task.Priority UI_NORMAL -> b
    com.lidroid.xutils.task.Priority UI_LOW -> c
    com.lidroid.xutils.task.Priority DEFAULT -> d
    com.lidroid.xutils.task.Priority BG_TOP -> e
    com.lidroid.xutils.task.Priority BG_NORMAL -> f
    com.lidroid.xutils.task.Priority BG_LOW -> g
    com.lidroid.xutils.task.Priority[] ENUM$VALUES -> h
    com.lidroid.xutils.task.Priority[] values() -> values
    com.lidroid.xutils.task.Priority valueOf(java.lang.String) -> valueOf