MobileSafes/proguard/usage.txt
com.it.mobilesafe.BuildConfig
com.it.mobilesafe.R:
    10:10:public R()
com.it.mobilesafe.R$anim
com.it.mobilesafe.R$attr
com.it.mobilesafe.R$color
com.it.mobilesafe.R$dimen
com.it.mobilesafe.R$drawable
com.it.mobilesafe.R$id
com.it.mobilesafe.R$interpolator
com.it.mobilesafe.R$layout
com.it.mobilesafe.R$menu
com.it.mobilesafe.R$raw
com.it.mobilesafe.R$string
com.it.mobilesafe.R$style
com.it.mobilesafe.R$styleable:
    823:823:public R$styleable()
com.it.mobilesafe.R$xml
com.it.mobilesafe.activity.AntiVirusActivity$1:
    318:318:public void onAnimationCancel(com.nineoldandroids.animation.Animator)
com.it.mobilesafe.activity.AntiVirusActivity$2:
    472:472:public void onAnimationCancel(com.nineoldandroids.animation.Animator)
com.it.mobilesafe.activity.AppManagerActivity:
    private static final java.lang.String TAG
com.it.mobilesafe.activity.BaseSetupActivity:
    protected static final java.lang.String TAG
com.it.mobilesafe.activity.BlacklistActivity:
    public static final java.lang.String NUMBER
    public static final java.lang.String TYPE
    public static final java.lang.String POSITION
    public static final java.lang.String ACTION_ADD
    public static final java.lang.String ACTION_UPDATE
com.it.mobilesafe.activity.CallSmsActivity:
    private static final int REQUEST_ADD
    private static final int REQUEST_UPDATE
    private static final java.lang.String TAG
    private static final int querySize
com.it.mobilesafe.activity.ClearCacheActivity:
    protected static final java.lang.String TAG
com.it.mobilesafe.activity.ContactsActivity:
    public static final java.lang.String KEY_NUMBER
com.it.mobilesafe.activity.ContactsActivity2:
    public static final java.lang.String KEY_NUMBER
com.it.mobilesafe.activity.GuideSetup3Activity:
    private static final int REQUEST_CODE_CONTANTS
com.it.mobilesafe.activity.GuideSetup4Activity:
    protected static final int REQUEST_CODE_ENABLE_ADMIN
com.it.mobilesafe.activity.HomeActivity:
    private static final java.lang.String TAG
com.it.mobilesafe.activity.LockScreenActivity:
    public static final java.lang.String EXTRA_PACKAGE_NAME
com.it.mobilesafe.activity.SettingActivity:
    public static final java.lang.String TAG
com.it.mobilesafe.activity.SplashActivity:
    private static final java.lang.String TAG
    public static final int JSONERROR
    public static final int CLIENTERROR
    public static final int STREAMERROR
    public static final int SHOW_UPDATE_DIALOG
    protected static final int REQUEST_CODE_INSTALL
com.it.mobilesafe.bean.BlackInfo:
    public static final int TYPE_CALL
    public static final int TYPE_SMS
    public static final int TYPE_ALL
com.it.mobilesafe.bean.ContactInfo:
    public int icon
com.it.mobilesafe.db.AddressDao:
    10:10:public AddressDao()
com.it.mobilesafe.db.AntiVirusDao:
    10:10:public AntiVirusDao()
    52:65:public static boolean add(android.content.Context,java.lang.String)
com.it.mobilesafe.db.AppLockDB
com.it.mobilesafe.db.AppLockDB$AppLock
com.it.mobilesafe.db.AppLockDBHelper:
    private static final java.lang.String TAG
com.it.mobilesafe.db.BlackDao:
    133:162:public java.util.List getAllInfo()
com.it.mobilesafe.db.BlackListDbHelper:
    private static final java.lang.String TAG
com.it.mobilesafe.db.BlacklistDB
com.it.mobilesafe.db.BlacklistDB$Table_db
com.it.mobilesafe.db.CommonNumberDao:
    9:9:public CommonNumberDao()
com.it.mobilesafe.engine.AppInfoProvider:
    15:15:public AppInfoProvider()
com.it.mobilesafe.engine.ProcessProvider:
    private static final java.lang.String TAG
    28:28:public ProcessProvider()
com.it.mobilesafe.engine.SmsProvider:
    protected static final java.lang.String TAG
    25:25:public SmsProvider()
com.it.mobilesafe.engine.SmsProvider$1:
    private static final int type_size
    private static final int type_progress
...
android.support.v4.view.PagerTabStrip$2
android.support.v4.view.PagerTitleStrip
android.support.v4.view.PagerTitleStrip$1
android.support.v4.view.PagerTitleStrip$PageListener
android.support.v4.view.PagerTitleStrip$PagerTitleStripImpl
android.support.v4.view.PagerTitleStrip$PagerTitleStripImplBase
android.support.v4.view.PagerTitleStrip$PagerTitleStripImplIcs
android.support.v4.view.PagerTitleStripIcs
android.support.v4.view.PagerTitleStripIcs$SingleLineAllCapsTransform
android.support.v4.view.VelocityTrackerCompat:
    25:51:public VelocityTrackerCompat()
    91:91:public static float getYVelocity(android.view.VelocityTracker,int)
android.support.v4.view.VelocityTrackerCompat$BaseVelocityTrackerVersionImpl:
    44:44:public float getYVelocity(android.view.VelocityTracker,int)
android.support.v4.view.VelocityTrackerCompat$HoneycombVelocityTrackerVersionImpl:
    58:58:public float getYVelocity(android.view.VelocityTracker,int)
android.support.v4.view.VelocityTrackerCompat$VelocityTrackerVersionImpl:
    public abstract float getYVelocity(android.view.VelocityTracker,int)
android.support.v4.view.VelocityTrackerCompatHoneycomb:
    24:24:VelocityTrackerCompatHoneycomb()
    29:29:public static float getYVelocity(android.view.VelocityTracker,int)
android.support.v4.view.ViewCompat:
    public static final int OVER_SCROLL_ALWAYS
    public static final int OVER_SCROLL_IF_CONTENT_SCROLLS
    public static final int OVER_SCROLL_NEVER
    private static final long FAKE_FRAME_TIME
    public static final int IMPORTANT_FOR_ACCESSIBILITY_AUTO
    public static final int IMPORTANT_FOR_ACCESSIBILITY_YES
    public static final int IMPORTANT_FOR_ACCESSIBILITY_NO
    public static final int LAYER_TYPE_NONE
    public static final int LAYER_TYPE_SOFTWARE
    public static final int LAYER_TYPE_HARDWARE
    31:308:public ViewCompat()
    358:358:public static boolean canScrollVertically(android.view.View,int)
    387:388:public static void setOverScrollMode(android.view.View,int)
    424:425:public static void onPopulateAccessibilityEvent(android.view.View,android.view.accessibility.AccessibilityEvent)
    457:458:public static void onInitializeAccessibilityEvent(android.view.View,android.view.accessibility.AccessibilityEvent)
    493:494:public static void onInitializeAccessibilityNodeInfo(android.view.View,android.support.v4.view.accessibility.AccessibilityNodeInfoCompat)
    508:509:public static void setAccessibilityDelegate(android.view.View,android.support.v4.view.AccessibilityDelegateCompat)
    520:520:public static boolean hasTransientState(android.view.View)
    531:532:public static void setHasTransientState(android.view.View,boolean)